<?xml version="1.0" encoding="UTF-8"?>
<testsuite name="Тестирование новостной страницы сайта" tests="2" skipped="0" failures="0" errors="0" timestamp="2023-12-05T12:10:04" hostname="LAPTOP-65K5U4D1" time="10.764">
  <properties/>
  <testcase name="Проверка смены года в фильтре новостей #1" classname="Тестирование новостной страницы сайта" time="6.987"/>
  <testcase name="Проверка смены года в фильтре новостей #2" classname="Тестирование новостной страницы сайта" time="3.771"/>
  <system-out><![CDATA[15:10:04.299 [Test worker] DEBUG io.github.bonigarcia.wdm.WebDriverManager -- Using WebDriverManager 5.6.2
15:10:04.821 [Test worker] DEBUG io.github.bonigarcia.wdm.cache.ResolutionCache -- Resolution chrome=119 in cache (valid until 15:23:33 05/12/2023 MSK)
15:10:04.822 [Test worker] DEBUG io.github.bonigarcia.wdm.cache.ResolutionCache -- Resolution chrome119=119.0.6045.105 in cache (valid until 11:41:09 06/12/2023 MSK)
15:10:04.823 [Test worker] INFO io.github.bonigarcia.wdm.WebDriverManager -- Using chromedriver 119.0.6045.105 (resolved driver for Chrome 119)
15:10:04.853 [Test worker] DEBUG io.github.bonigarcia.wdm.WebDriverManager -- Driver chromedriver 119.0.6045.105 found in cache
15:10:04.854 [Test worker] INFO io.github.bonigarcia.wdm.WebDriverManager -- Exporting webdriver.chrome.driver as C:\Users\BSPB\.cache\selenium\chromedriver\win64\119.0.6045.105\chromedriver.exe
15:10:11.088 [Test worker] DEBUG io.github.bonigarcia.wdm.WebDriverManager -- Using WebDriverManager 5.6.2
15:10:11.119 [Test worker] DEBUG io.github.bonigarcia.wdm.cache.ResolutionCache -- Resolution chrome=119 in cache (valid until 15:23:33 05/12/2023 MSK)
15:10:11.121 [Test worker] DEBUG io.github.bonigarcia.wdm.cache.ResolutionCache -- Resolution chrome119=119.0.6045.105 in cache (valid until 11:41:09 06/12/2023 MSK)
15:10:11.121 [Test worker] INFO io.github.bonigarcia.wdm.WebDriverManager -- Using chromedriver 119.0.6045.105 (resolved driver for Chrome 119)
15:10:11.127 [Test worker] DEBUG io.github.bonigarcia.wdm.WebDriverManager -- Driver chromedriver 119.0.6045.105 found in cache
15:10:11.129 [Test worker] INFO io.github.bonigarcia.wdm.WebDriverManager -- Exporting webdriver.chrome.driver as C:\Users\BSPB\.cache\selenium\chromedriver\win64\119.0.6045.105\chromedriver.exe
]]></system-out>
  <system-err><![CDATA[]]></system-err>
</testsuite>
