<?xml version="1.0" encoding="UTF-8"?>
<testsuite name="Тестирование главной страницы сайта" tests="4" skipped="0" failures="0" errors="0" timestamp="2023-12-06T10:59:44" hostname="LAPTOP-65K5U4D1" time="47.641">
  <properties/>
  <testcase name="Успешная смена региона" classname="Тестирование главной страницы сайта" time="11.403"/>
  <testcase name="Проверка перехода на вкладки в header" classname="Тестирование главной страницы сайта" time="7.027"/>
  <testcase name="Проверка перехода на страницу Новостей" classname="Тестирование главной страницы сайта" time="16.722"/>
  <testcase name="Проверка перехода на страницу Валют" classname="Тестирование главной страницы сайта" time="12.465"/>
  <system-out><![CDATA[13:59:44.893 [Test worker] DEBUG io.github.bonigarcia.wdm.WebDriverManager -- Using WebDriverManager 5.6.2
13:59:45.458 [Test worker] DEBUG io.github.bonigarcia.wdm.cache.ResolutionCache -- Resolution chrome=119 in cache (valid until 14:29:47 06/12/2023 MSK)
13:59:45.460 [Test worker] DEBUG io.github.bonigarcia.wdm.cache.ResolutionCache -- Resolution chrome119=119.0.6045.105 in cache (valid until 11:44:47 07/12/2023 MSK)
13:59:45.461 [Test worker] INFO io.github.bonigarcia.wdm.WebDriverManager -- Using chromedriver 119.0.6045.105 (resolved driver for Chrome 119)
13:59:45.503 [Test worker] DEBUG io.github.bonigarcia.wdm.WebDriverManager -- Driver chromedriver 119.0.6045.105 found in cache
13:59:45.505 [Test worker] INFO io.github.bonigarcia.wdm.WebDriverManager -- Exporting webdriver.chrome.driver as C:\Users\BSPB\.cache\selenium\chromedriver\win64\119.0.6045.105\chromedriver.exe
13:59:56.085 [Test worker] DEBUG io.github.bonigarcia.wdm.WebDriverManager -- Using WebDriverManager 5.6.2
13:59:56.099 [Test worker] DEBUG io.github.bonigarcia.wdm.cache.ResolutionCache -- Resolution chrome=119 in cache (valid until 14:29:47 06/12/2023 MSK)
13:59:56.100 [Test worker] DEBUG io.github.bonigarcia.wdm.cache.ResolutionCache -- Resolution chrome119=119.0.6045.105 in cache (valid until 11:44:47 07/12/2023 MSK)
13:59:56.100 [Test worker] INFO io.github.bonigarcia.wdm.WebDriverManager -- Using chromedriver 119.0.6045.105 (resolved driver for Chrome 119)
13:59:56.109 [Test worker] DEBUG io.github.bonigarcia.wdm.WebDriverManager -- Driver chromedriver 119.0.6045.105 found in cache
13:59:56.110 [Test worker] INFO io.github.bonigarcia.wdm.WebDriverManager -- Exporting webdriver.chrome.driver as C:\Users\BSPB\.cache\selenium\chromedriver\win64\119.0.6045.105\chromedriver.exe
Услуги РКО
Бизнес карта
Торговый эквайринг
Мобильное приложение
14:00:03.107 [Test worker] DEBUG io.github.bonigarcia.wdm.WebDriverManager -- Using WebDriverManager 5.6.2
14:00:03.136 [Test worker] DEBUG io.github.bonigarcia.wdm.cache.ResolutionCache -- Resolution chrome=119 in cache (valid until 14:29:47 06/12/2023 MSK)
14:00:03.137 [Test worker] DEBUG io.github.bonigarcia.wdm.cache.ResolutionCache -- Resolution chrome119=119.0.6045.105 in cache (valid until 11:44:47 07/12/2023 MSK)
14:00:03.138 [Test worker] INFO io.github.bonigarcia.wdm.WebDriverManager -- Using chromedriver 119.0.6045.105 (resolved driver for Chrome 119)
14:00:03.162 [Test worker] DEBUG io.github.bonigarcia.wdm.WebDriverManager -- Driver chromedriver 119.0.6045.105 found in cache
14:00:03.164 [Test worker] INFO io.github.bonigarcia.wdm.WebDriverManager -- Exporting webdriver.chrome.driver as C:\Users\BSPB\.cache\selenium\chromedriver\win64\119.0.6045.105\chromedriver.exe
14:00:19.845 [Test worker] DEBUG io.github.bonigarcia.wdm.WebDriverManager -- Using WebDriverManager 5.6.2
14:00:19.897 [Test worker] DEBUG io.github.bonigarcia.wdm.cache.ResolutionCache -- Resolution chrome=119 in cache (valid until 14:29:47 06/12/2023 MSK)
14:00:19.900 [Test worker] DEBUG io.github.bonigarcia.wdm.cache.ResolutionCache -- Resolution chrome119=119.0.6045.105 in cache (valid until 11:44:47 07/12/2023 MSK)
14:00:19.900 [Test worker] INFO io.github.bonigarcia.wdm.WebDriverManager -- Using chromedriver 119.0.6045.105 (resolved driver for Chrome 119)
14:00:19.924 [Test worker] DEBUG io.github.bonigarcia.wdm.WebDriverManager -- Driver chromedriver 119.0.6045.105 found in cache
14:00:19.926 [Test worker] INFO io.github.bonigarcia.wdm.WebDriverManager -- Exporting webdriver.chrome.driver as C:\Users\BSPB\.cache\selenium\chromedriver\win64\119.0.6045.105\chromedriver.exe
В офисе
По карте
Онлайн
Документы
Вопросы
]]></system-out>
  <system-err><![CDATA[]]></system-err>
</testsuite>
